<?xml version="1.0" encoding="UTF-8"?>
<!-- Generated by org.testng.reporters.JUnitXMLReporter -->
<testsuite hostname="LIN80015404" name="Test" tests="4" failures="0" timestamp="27 Mar 2018 16:46:11 GMT" time="307.634" errors="0">
  <testcase name="testset1" time="45.099" classname="TestLab.NewTest"/>
  <testcase name="testset1" time="58.629" classname="TestLab.NewTest"/>
  <testcase name="testset2" time="37.745" classname="TestLab.NewTest"/>
  <testcase name="testset2" time="164.801" classname="TestLab.NewTest"/>
</testsuite> <!-- Test -->
