<?xml version="1.0" encoding="UTF-8"?>
<testng-results skipped="0" failed="0" total="4" passed="4">
  <reporter-output>
  </reporter-output>
  <suite name="Suite" duration-ms="307634" started-at="2018-03-27T16:41:03Z" finished-at="2018-03-27T16:46:11Z">
    <groups>
    </groups>
    <test name="Test" duration-ms="307634" started-at="2018-03-27T16:41:03Z" finished-at="2018-03-27T16:46:11Z">
      <class name="TestLab.NewTest">
        <test-method status="PASS" signature="testset1(java.lang.String, java.lang.String)[pri:0, instance:TestLab.NewTest@3402b4c9]" name="testset1" duration-ms="45099" started-at="2018-03-27T22:11:04Z" data-provider="dp" finished-at="2018-03-27T22:11:49Z">
          <params>
            <param index="0">
              <value>
                <![CDATA[20]]>
              </value>
            </param>
            <param index="1">
              <value>
                <![CDATA[30]]>
              </value>
            </param>
          </params>
          <reporter-output>
          </reporter-output>
        </test-method> <!-- testset1 -->
        <test-method status="PASS" signature="testset1(java.lang.String, java.lang.String)[pri:0, instance:TestLab.NewTest@3402b4c9]" name="testset1" duration-ms="58629" started-at="2018-03-27T22:11:49Z" data-provider="dp" finished-at="2018-03-27T22:12:48Z">
          <params>
            <param index="0">
              <value>
                <![CDATA[21]]>
              </value>
            </param>
            <param index="1">
              <value>
                <![CDATA[31]]>
              </value>
            </param>
          </params>
          <reporter-output>
          </reporter-output>
        </test-method> <!-- testset1 -->
        <test-method status="PASS" signature="testset2(java.lang.String, java.lang.String)[pri:0, instance:TestLab.NewTest@3402b4c9]" name="testset2" duration-ms="37745" started-at="2018-03-27T22:12:48Z" data-provider="dp" finished-at="2018-03-27T22:13:26Z">
          <params>
            <param index="0">
              <value>
                <![CDATA[20]]>
              </value>
            </param>
            <param index="1">
              <value>
                <![CDATA[30]]>
              </value>
            </param>
          </params>
          <reporter-output>
          </reporter-output>
        </test-method> <!-- testset2 -->
        <test-method status="PASS" signature="testset2(java.lang.String, java.lang.String)[pri:0, instance:TestLab.NewTest@3402b4c9]" name="testset2" duration-ms="164801" started-at="2018-03-27T22:13:26Z" data-provider="dp" finished-at="2018-03-27T22:16:11Z">
          <params>
            <param index="0">
              <value>
                <![CDATA[21]]>
              </value>
            </param>
            <param index="1">
              <value>
                <![CDATA[31]]>
              </value>
            </param>
          </params>
          <reporter-output>
          </reporter-output>
        </test-method> <!-- testset2 -->
      </class> <!-- TestLab.NewTest -->
    </test> <!-- Test -->
  </suite> <!-- Suite -->
</testng-results>
